2024-03-25 18:11:17,285 [1] INFO src.Repository.ParticipantDBRepository - creating ParticipantDbRepository 
2024-03-25 18:11:17,314 [1] INFO src.Repository.ParticipantDBRepository - entering findOne with value 1
2024-03-25 18:11:17,448 [1] INFO src.Repository.ParticipantDBRepository - exiting findOne with value Participant: 
 Id: 1
 Nume: Sima
 Prenume: Bogdan
 Varsta: 15
 Proba: desen
2024-03-25 18:11:17,454 [1] INFO src.Repository.ParticipantDBRepository - entering findAll
2024-03-25 18:11:17,455 [1] INFO src.Repository.ParticipantDBRepository - exiting FindAll
2024-04-08 12:33:25,098 [1] INFO src.Repository.OrganizatorDBRepository - creating OrganizatorDBRepository 
2024-04-08 12:33:25,145 [1] INFO src.Repository.OrganizatorDBRepository - entering findOne with value 1
2024-04-08 12:34:44,339 [1] INFO src.Repository.OrganizatorDBRepository - creating OrganizatorDBRepository 
2024-04-08 12:34:44,359 [1] INFO src.Repository.OrganizatorDBRepository - entering findOne with value 1
2024-04-08 12:35:51,281 [1] INFO src.Repository.OrganizatorDBRepository - creating OrganizatorDBRepository 
2024-04-08 12:35:51,306 [1] INFO src.Repository.OrganizatorDBRepository - entering findOne with value 1
2024-04-08 12:37:13,567 [1] INFO src.Repository.OrganizatorDBRepository - creating OrganizatorDBRepository 
2024-04-08 12:37:13,588 [1] INFO src.Repository.OrganizatorDBRepository - entering findOne with value 1
2024-04-08 12:38:03,303 [1] INFO src.Repository.ParticipantDBRepository - creating ParticipantDbRepository 
2024-04-08 12:38:03,324 [1] INFO src.Repository.ParticipantDBRepository - entering findOne with value 1
2024-04-08 12:38:03,462 [1] INFO src.Repository.ParticipantDBRepository - exiting findOne with value Participant: 
 Id: 1
 Nume: Sima
 Prenume: Bogdan
 Varsta: 15
2024-04-08 12:38:03,470 [1] INFO src.Repository.ParticipantDBRepository - entering findAll
2024-04-08 12:38:03,471 [1] INFO src.Repository.ParticipantDBRepository - exiting FindAll
2024-04-08 12:39:24,445 [1] INFO src.Repository.ParticipantDBRepository - creating ParticipantDbRepository 
2024-04-08 12:39:24,466 [1] INFO src.Repository.ParticipantDBRepository - entering findOne with value 1
2024-04-08 12:39:24,591 [1] INFO src.Repository.ParticipantDBRepository - exiting findOne with value Participant: 
 Id: 1
 Nume: Sima
 Prenume: Bogdan
 Varsta: 15
2024-04-08 12:39:24,598 [1] INFO src.Repository.ParticipantDBRepository - entering findAll
2024-04-08 12:39:24,600 [1] INFO src.Repository.ParticipantDBRepository - exiting FindAll
2024-04-08 12:39:24,602 [1] INFO src.Repository.OrganizatorDBRepository - creating OrganizatorDBRepository 
2024-04-08 12:39:24,603 [1] INFO src.Repository.OrganizatorDBRepository - entering findOne with value 1
2024-04-08 12:41:38,496 [1] INFO src.Repository.ParticipantDBRepository - creating ParticipantDbRepository 
2024-04-08 12:41:38,519 [1] INFO src.Repository.ParticipantDBRepository - entering findOne with value 1
2024-04-08 12:41:38,645 [1] INFO src.Repository.ParticipantDBRepository - exiting findOne with value Participant: 
 Id: 1
 Nume: Sima
 Prenume: Bogdan
 Varsta: 15
2024-04-08 12:41:38,650 [1] INFO src.Repository.ParticipantDBRepository - entering findAll
2024-04-08 12:41:38,652 [1] INFO src.Repository.ParticipantDBRepository - exiting FindAll
2024-04-08 12:41:38,653 [1] INFO src.Repository.OrganizatorDBRepository - creating OrganizatorDBRepository 
2024-04-08 12:41:38,655 [1] INFO src.Repository.OrganizatorDBRepository - entering findOne with value 1
2024-04-08 12:43:26,978 [1] INFO src.Repository.ParticipantDBRepository - creating ParticipantDbRepository 
2024-04-08 12:43:27,001 [1] INFO src.Repository.ParticipantDBRepository - entering findOne with value 1
2024-04-08 12:43:27,129 [1] INFO src.Repository.ParticipantDBRepository - exiting findOne with value Participant: 
 Id: 1
 Nume: Sima
 Prenume: Bogdan
 Varsta: 15
2024-04-08 12:43:27,134 [1] INFO src.Repository.ParticipantDBRepository - entering findAll
2024-04-08 12:43:27,136 [1] INFO src.Repository.ParticipantDBRepository - exiting FindAll
2024-04-08 12:43:27,138 [1] INFO src.Repository.OrganizatorDBRepository - creating OrganizatorDBRepository 
2024-04-08 12:43:27,139 [1] INFO src.Repository.OrganizatorDBRepository - entering findOne with value 1
2024-04-08 12:52:19,040 [1] INFO src.Repository.ParticipantDBRepository - creating ParticipantDbRepository 
2024-04-08 12:52:19,067 [1] INFO src.Repository.ParticipantDBRepository - entering findOne with value 1
2024-04-08 12:52:19,219 [1] INFO src.Repository.ParticipantDBRepository - exiting findOne with value Participant: 
 Id: 1
 Nume: Sima
 Prenume: Bogdan
 Varsta: 15
2024-04-08 12:52:19,226 [1] INFO src.Repository.ParticipantDBRepository - entering findAll
2024-04-08 12:52:19,228 [1] INFO src.Repository.ParticipantDBRepository - exiting FindAll
2024-04-08 12:52:19,231 [1] INFO src.Repository.OrganizatorDBRepository - creating OrganizatorDBRepository 
2024-04-08 12:52:19,232 [1] INFO src.Repository.OrganizatorDBRepository - entering findOne with value 1
2024-04-08 12:54:56,463 [1] INFO src.Repository.ParticipantDBRepository - creating ParticipantDbRepository 
2024-04-08 12:54:56,487 [1] INFO src.Repository.ParticipantDBRepository - entering findOne with value 1
2024-04-08 12:54:56,631 [1] INFO src.Repository.ParticipantDBRepository - exiting findOne with value Participant: 
 Id: 1
 Nume: Sima
 Prenume: Bogdan
 Varsta: 15
2024-04-08 12:54:56,636 [1] INFO src.Repository.ParticipantDBRepository - entering findAll
2024-04-08 12:54:56,638 [1] INFO src.Repository.ParticipantDBRepository - exiting FindAll
2024-04-08 12:54:56,640 [1] INFO src.Repository.OrganizatorDBRepository - creating OrganizatorDBRepository 
2024-04-08 12:54:56,642 [1] INFO src.Repository.OrganizatorDBRepository - entering findOne with value 1
2024-04-08 12:57:41,313 [1] INFO src.Repository.ParticipantDBRepository - creating ParticipantDbRepository 
2024-04-08 12:57:41,334 [1] INFO src.Repository.ParticipantDBRepository - entering findOne with value 1
2024-04-08 12:57:41,459 [1] INFO src.Repository.ParticipantDBRepository - exiting findOne with value Participant: 
 Id: 1
 Nume: Sima
 Prenume: Bogdan
 Varsta: 15
2024-04-08 12:57:41,464 [1] INFO src.Repository.ParticipantDBRepository - entering findAll
2024-04-08 12:57:41,467 [1] INFO src.Repository.ParticipantDBRepository - exiting FindAll
2024-04-08 12:57:41,468 [1] INFO src.Repository.OrganizatorDBRepository - creating OrganizatorDBRepository 
2024-04-08 12:57:41,470 [1] INFO src.Repository.OrganizatorDBRepository - entering findOne with value 1
2024-04-08 13:01:10,732 [1] INFO src.Repository.ParticipantDBRepository - creating ParticipantDbRepository 
2024-04-08 13:01:10,754 [1] INFO src.Repository.ParticipantDBRepository - entering findOne with value 1
2024-04-08 13:01:10,881 [1] INFO src.Repository.ParticipantDBRepository - exiting findOne with value Participant: 
 Id: 1
 Nume: Sima
 Prenume: Bogdan
 Varsta: 15
2024-04-08 13:01:10,886 [1] INFO src.Repository.ParticipantDBRepository - entering findAll
2024-04-08 13:01:10,888 [1] INFO src.Repository.ParticipantDBRepository - exiting FindAll
2024-04-08 13:01:10,890 [1] INFO src.Repository.OrganizatorDBRepository - creating OrganizatorDBRepository 
2024-04-08 13:01:10,892 [1] INFO src.Repository.OrganizatorDBRepository - entering findOne with value 1
2024-04-08 13:15:15,932 [1] INFO src.Repository.ParticipantDBRepository - creating ParticipantDbRepository 
2024-04-08 13:15:15,953 [1] INFO src.Repository.ParticipantDBRepository - entering findOne with value 1
2024-04-08 13:15:16,076 [1] INFO src.Repository.ParticipantDBRepository - exiting findOne with value Participant: 
 Id: 1
 Nume: Sima
 Prenume: Bogdan
 Varsta: 15
2024-04-08 13:15:16,081 [1] INFO src.Repository.ParticipantDBRepository - entering findAll
2024-04-08 13:15:16,083 [1] INFO src.Repository.ParticipantDBRepository - exiting FindAll
2024-04-08 13:15:16,085 [1] INFO src.Repository.OrganizatorDBRepository - creating OrganizatorDBRepository 
2024-04-08 13:15:16,087 [1] INFO src.Repository.OrganizatorDBRepository - entering findOne with value 1
2024-04-08 13:16:30,550 [1] INFO src.Repository.ParticipantDBRepository - creating ParticipantDbRepository 
2024-04-08 13:16:30,571 [1] INFO src.Repository.ParticipantDBRepository - entering findOne with value 1
2024-04-08 13:16:30,692 [1] INFO src.Repository.ParticipantDBRepository - exiting findOne with value Participant: 
 Id: 1
 Nume: Sima
 Prenume: Bogdan
 Varsta: 15
2024-04-08 13:16:30,698 [1] INFO src.Repository.ParticipantDBRepository - entering findAll
2024-04-08 13:16:30,700 [1] INFO src.Repository.ParticipantDBRepository - exiting FindAll
2024-04-08 13:16:30,702 [1] INFO src.Repository.OrganizatorDBRepository - creating OrganizatorDBRepository 
2024-04-08 13:16:30,703 [1] INFO src.Repository.OrganizatorDBRepository - entering findOne with value 1
2024-04-08 13:17:37,524 [1] INFO src.Repository.ParticipantDBRepository - creating ParticipantDbRepository 
2024-04-08 13:17:37,545 [1] INFO src.Repository.ParticipantDBRepository - entering findOne with value 1
2024-04-08 13:17:53,612 [1] INFO src.Repository.ParticipantDBRepository - creating ParticipantDbRepository 
2024-04-08 13:17:53,633 [1] INFO src.Repository.ParticipantDBRepository - entering findOne with value 1
2024-04-08 13:18:36,450 [1] INFO src.Repository.ParticipantDBRepository - creating ParticipantDbRepository 
2024-04-08 13:18:36,471 [1] INFO src.Repository.ParticipantDBRepository - entering findOne with value 1
2024-04-08 13:18:36,595 [1] INFO src.Repository.ParticipantDBRepository - exiting findOne with value Participant: 
 Id: 1
 Nume: Sima
 Prenume: Bogdan
 Varsta: 15
2024-04-08 13:18:36,601 [1] INFO src.Repository.ParticipantDBRepository - entering findAll
2024-04-08 13:18:36,603 [1] INFO src.Repository.ParticipantDBRepository - exiting FindAll
2024-04-08 13:18:36,604 [1] INFO src.Repository.OrganizatorDBRepository - creating OrganizatorDBRepository 
2024-04-08 13:18:36,605 [1] INFO src.Repository.OrganizatorDBRepository - entering findOne with value 1
2024-04-08 13:19:49,324 [1] INFO src.Repository.ParticipantDBRepository - creating ParticipantDbRepository 
2024-04-08 13:19:49,346 [1] INFO src.Repository.ParticipantDBRepository - entering findOne with value 1
2024-04-08 13:20:05,781 [1] INFO src.Repository.ParticipantDBRepository - creating ParticipantDbRepository 
2024-04-08 13:20:05,801 [1] INFO src.Repository.ParticipantDBRepository - entering findOne with value 1
2024-04-08 13:20:19,412 [1] INFO src.Repository.ParticipantDBRepository - creating ParticipantDbRepository 
2024-04-08 13:20:19,434 [1] INFO src.Repository.ParticipantDBRepository - entering findOne with value 1
2024-04-08 13:20:19,558 [1] INFO src.Repository.ParticipantDBRepository - exiting findOne with value Participant: 
 Id: 1
 Nume: Sima
 Prenume: Bogdan
 Varsta: 15
2024-04-08 13:20:19,565 [1] INFO src.Repository.ParticipantDBRepository - entering findAll
2024-04-08 13:20:19,566 [1] INFO src.Repository.ParticipantDBRepository - exiting FindAll
2024-04-08 13:20:19,568 [1] INFO src.Repository.OrganizatorDBRepository - creating OrganizatorDBRepository 
2024-04-08 13:20:19,569 [1] INFO src.Repository.OrganizatorDBRepository - entering findOne with value 1
2024-04-08 13:21:53,719 [1] INFO src.Repository.ParticipantDBRepository - creating ParticipantDbRepository 
2024-04-08 13:21:53,741 [1] INFO src.Repository.ParticipantDBRepository - entering findOne with value 1
2024-04-08 13:22:25,959 [1] INFO src.Repository.ParticipantDBRepository - creating ParticipantDbRepository 
2024-04-08 13:22:25,979 [1] INFO src.Repository.ParticipantDBRepository - entering findOne with value 1
2024-04-08 13:22:26,104 [1] INFO src.Repository.ParticipantDBRepository - exiting findOne with value Participant: 
 Id: 1
 Nume: Sima
 Prenume: Bogdan
 Varsta: 15
2024-04-08 13:22:26,111 [1] INFO src.Repository.ParticipantDBRepository - entering findAll
2024-04-08 13:22:26,112 [1] INFO src.Repository.ParticipantDBRepository - exiting FindAll
2024-04-08 13:22:26,114 [1] INFO src.Repository.OrganizatorDBRepository - creating OrganizatorDBRepository 
2024-04-08 13:22:26,116 [1] INFO src.Repository.OrganizatorDBRepository - entering findOne with value 1
2024-04-08 13:22:26,119 [1] INFO src.Repository.OrganizatorDBRepository - exiting findOne with value id_org: 1nume: Simaprenume: Bogdanusername: simaparola: da
2024-04-15 15:27:29,377 [1] INFO src.Repository.ParticipantDBRepository - creating ParticipantDbRepository 
2024-04-15 15:27:29,396 [1] INFO src.Repository.ProbaDBRepository - creating ProbaDBRepositroy
2024-04-15 15:27:29,397 [1] INFO src.Repository.ConcursDBRepository - creating ConcursDBRepository 
2024-04-15 15:27:29,398 [1] INFO src.Repository.OrganizatorDBRepository - creating OrganizatorDBRepository 
2024-04-15 15:27:36,862 [1] INFO src.Repository.OrganizatorDBRepository - entering findOneByUsernameAndPassword with values: username=sima
2024-04-15 15:27:37,090 [1] INFO src.Repository.OrganizatorDBRepository - exiting findOneByUsernameAndPassword with value: null
2024-04-15 15:28:43,166 [1] INFO src.Repository.ParticipantDBRepository - creating ParticipantDbRepository 
2024-04-15 15:28:43,183 [1] INFO src.Repository.ProbaDBRepository - creating ProbaDBRepositroy
2024-04-15 15:28:43,185 [1] INFO src.Repository.ConcursDBRepository - creating ConcursDBRepository 
2024-04-15 15:28:43,185 [1] INFO src.Repository.OrganizatorDBRepository - creating OrganizatorDBRepository 
2024-04-15 15:28:48,153 [1] INFO src.Repository.OrganizatorDBRepository - entering findOneByUsernameAndPassword with values: username=sima
2024-04-15 15:28:48,273 [1] INFO src.Repository.OrganizatorDBRepository - exiting findOneByUsernameAndPassword with value: null
2024-04-15 15:29:56,658 [1] INFO src.Repository.ParticipantDBRepository - creating ParticipantDbRepository 
2024-04-15 15:29:56,676 [1] INFO src.Repository.ProbaDBRepository - creating ProbaDBRepositroy
2024-04-15 15:29:56,676 [1] INFO src.Repository.ConcursDBRepository - creating ConcursDBRepository 
2024-04-15 15:29:56,677 [1] INFO src.Repository.OrganizatorDBRepository - creating OrganizatorDBRepository 
2024-04-15 15:30:02,661 [1] INFO src.Repository.OrganizatorDBRepository - entering findOneByUsernameAndPassword with values: username=sima
2024-04-15 15:30:02,783 [1] INFO src.Repository.OrganizatorDBRepository - exiting findOneByUsernameAndPassword with value: id_org: 1nume: Simaprenume: Bogdanusername: simaparola: da
2024-04-15 15:30:02,835 [1] INFO src.Repository.ProbaDBRepository - entering findAll
2024-04-15 15:30:02,836 [1] INFO src.Repository.ProbaDBRepository - exiting FindAll
2024-04-15 15:30:36,448 [1] INFO src.Repository.ParticipantDBRepository - entering findOneByNumeSiVarsta with values: nume=a, prenume=a, varsta=6
2024-04-15 15:31:21,826 [1] INFO src.Repository.ParticipantDBRepository - creating ParticipantDbRepository 
2024-04-15 15:31:21,844 [1] INFO src.Repository.ProbaDBRepository - creating ProbaDBRepositroy
2024-04-15 15:31:21,844 [1] INFO src.Repository.ConcursDBRepository - creating ConcursDBRepository 
2024-04-15 15:31:21,845 [1] INFO src.Repository.OrganizatorDBRepository - creating OrganizatorDBRepository 
2024-04-15 15:31:29,012 [1] INFO src.Repository.OrganizatorDBRepository - entering findOneByUsernameAndPassword with values: username=sima
2024-04-15 15:31:29,130 [1] INFO src.Repository.OrganizatorDBRepository - exiting findOneByUsernameAndPassword with value: id_org: 1nume: Simaprenume: Bogdanusername: simaparola: da
2024-04-15 15:31:29,149 [1] INFO src.Repository.ProbaDBRepository - entering findAll
2024-04-15 15:31:29,150 [1] INFO src.Repository.ProbaDBRepository - exiting FindAll
2024-04-15 15:43:57,444 [1] INFO src.Repository.ParticipantDBRepository - creating ParticipantDbRepository 
2024-04-15 15:43:57,461 [1] INFO src.Repository.ProbaDBRepository - creating ProbaDBRepositroy
2024-04-15 15:43:57,462 [1] INFO src.Repository.ConcursDBRepository - creating ConcursDBRepository 
2024-04-15 15:43:57,462 [1] INFO src.Repository.OrganizatorDBRepository - creating OrganizatorDBRepository 
2024-04-15 15:44:02,670 [1] INFO src.Repository.OrganizatorDBRepository - entering findOneByUsernameAndPassword with values: username=sima
2024-04-15 15:44:02,791 [1] INFO src.Repository.OrganizatorDBRepository - exiting findOneByUsernameAndPassword with value: id_org: 1nume: Simaprenume: Bogdanusername: simaparola: da
2024-04-15 15:44:02,810 [1] INFO src.Repository.ProbaDBRepository - entering findAll
2024-04-15 15:44:02,811 [1] INFO src.Repository.ProbaDBRepository - exiting FindAll
2024-04-15 15:48:41,454 [1] INFO src.Repository.ParticipantDBRepository - creating ParticipantDbRepository 
2024-04-15 15:48:41,471 [1] INFO src.Repository.ProbaDBRepository - creating ProbaDBRepositroy
2024-04-15 15:48:41,472 [1] INFO src.Repository.ConcursDBRepository - creating ConcursDBRepository 
2024-04-15 15:48:41,473 [1] INFO src.Repository.OrganizatorDBRepository - creating OrganizatorDBRepository 
2024-04-15 15:48:47,991 [1] INFO src.Repository.OrganizatorDBRepository - entering findOneByUsernameAndPassword with values: username=sima
2024-04-15 15:48:48,105 [1] INFO src.Repository.OrganizatorDBRepository - exiting findOneByUsernameAndPassword with value: id_org: 1nume: Simaprenume: Bogdanusername: simaparola: da
2024-04-15 15:48:48,127 [1] INFO src.Repository.ProbaDBRepository - entering findAll
2024-04-15 15:48:48,128 [1] INFO src.Repository.ProbaDBRepository - exiting FindAll
2024-04-15 15:48:48,148 [1] INFO src.Repository.ConcursDBRepository - entering findByProba
2024-04-15 15:48:48,150 [1] INFO src.Repository.ConcursDBRepository - exiting findByProba
2024-04-15 15:48:48,152 [1] INFO src.Repository.ParticipantDBRepository - entering findAll
2024-04-15 15:48:48,152 [1] INFO src.Repository.ParticipantDBRepository - exiting FindAll
2024-04-15 15:49:39,294 [1] INFO src.Repository.ParticipantDBRepository - creating ParticipantDbRepository 
2024-04-15 15:49:39,311 [1] INFO src.Repository.ProbaDBRepository - creating ProbaDBRepositroy
2024-04-15 15:49:39,313 [1] INFO src.Repository.ConcursDBRepository - creating ConcursDBRepository 
2024-04-15 15:49:39,314 [1] INFO src.Repository.OrganizatorDBRepository - creating OrganizatorDBRepository 
2024-04-15 15:49:43,719 [1] INFO src.Repository.OrganizatorDBRepository - entering findOneByUsernameAndPassword with values: username=sima
2024-04-15 15:49:43,837 [1] INFO src.Repository.OrganizatorDBRepository - exiting findOneByUsernameAndPassword with value: id_org: 1nume: Simaprenume: Bogdanusername: simaparola: da
2024-04-15 15:49:43,856 [1] INFO src.Repository.ProbaDBRepository - entering findAll
2024-04-15 15:49:43,857 [1] INFO src.Repository.ProbaDBRepository - exiting FindAll
2024-04-15 15:49:43,874 [1] INFO src.Repository.ConcursDBRepository - entering findByProba
2024-04-15 15:49:43,876 [1] INFO src.Repository.ConcursDBRepository - exiting findByProba
2024-04-15 15:49:43,878 [1] INFO src.Repository.ParticipantDBRepository - entering findAll
2024-04-15 15:49:43,879 [1] INFO src.Repository.ParticipantDBRepository - exiting FindAll
2024-04-15 15:49:43,885 [1] INFO src.Repository.ConcursDBRepository - entering FindByParticipant
2024-04-15 15:49:43,886 [1] INFO src.Repository.ConcursDBRepository - exiting FindByParticipant
2024-04-15 15:49:49,282 [1] INFO src.Repository.ProbaDBRepository - entering findByVarstaSiTip
2024-04-15 15:50:00,456 [1] INFO src.Repository.ParticipantDBRepository - entering findOneByNumeSiVarsta with values: nume=Sima, prenume=Bogdan, varsta=15
2024-04-15 15:50:01,931 [1] INFO src.Repository.ParticipantDBRepository - entering findOneByNumeSiVarsta with values: nume=Sima, prenume=Bogdan, varsta=15
2024-04-15 15:50:22,589 [1] INFO src.Repository.ParticipantDBRepository - entering findOneByNumeSiVarsta with values: nume=a, prenume=a, varsta=6
2024-04-15 15:53:41,392 [1] INFO src.Repository.ParticipantDBRepository - creating ParticipantDbRepository 
2024-04-15 15:53:41,409 [1] INFO src.Repository.ProbaDBRepository - creating ProbaDBRepositroy
2024-04-15 15:53:41,409 [1] INFO src.Repository.ConcursDBRepository - creating ConcursDBRepository 
2024-04-15 15:53:41,410 [1] INFO src.Repository.OrganizatorDBRepository - creating OrganizatorDBRepository 
2024-04-15 15:53:46,180 [1] INFO src.Repository.OrganizatorDBRepository - entering findOneByUsernameAndPassword with values: username=sima
2024-04-15 15:53:46,297 [1] INFO src.Repository.OrganizatorDBRepository - exiting findOneByUsernameAndPassword with value: id_org: 1nume: Simaprenume: Bogdanusername: simaparola: da
2024-04-15 15:53:46,317 [1] INFO src.Repository.ProbaDBRepository - entering findAll
2024-04-15 15:53:46,317 [1] INFO src.Repository.ProbaDBRepository - exiting FindAll
2024-04-15 15:53:46,335 [1] INFO src.Repository.ConcursDBRepository - entering findByProba
2024-04-15 15:53:46,336 [1] INFO src.Repository.ConcursDBRepository - exiting findByProba
2024-04-15 15:53:46,337 [1] INFO src.Repository.ParticipantDBRepository - entering findAll
2024-04-15 15:53:46,338 [1] INFO src.Repository.ParticipantDBRepository - exiting FindAll
2024-04-15 15:53:46,343 [1] INFO src.Repository.ConcursDBRepository - entering FindByParticipant
2024-04-15 15:53:46,344 [1] INFO src.Repository.ConcursDBRepository - exiting FindByParticipant
2024-04-15 15:54:04,453 [1] INFO src.Repository.ParticipantDBRepository - entering findOneByNumeSiVarsta with values: nume=a, prenume=a, varsta=6
2024-04-15 15:54:09,794 [1] INFO src.Repository.ParticipantDBRepository - entering findOneByNumeSiVarsta with values: nume=a, prenume=a, varsta=6
2024-04-15 15:54:19,397 [1] INFO src.Repository.ParticipantDBRepository - creating ParticipantDbRepository 
2024-04-15 15:54:19,415 [1] INFO src.Repository.ProbaDBRepository - creating ProbaDBRepositroy
2024-04-15 15:54:19,416 [1] INFO src.Repository.ConcursDBRepository - creating ConcursDBRepository 
2024-04-15 15:54:19,418 [1] INFO src.Repository.OrganizatorDBRepository - creating OrganizatorDBRepository 
2024-04-15 15:54:23,960 [1] INFO src.Repository.OrganizatorDBRepository - entering findOneByUsernameAndPassword with values: username=sima
2024-04-15 15:54:24,081 [1] INFO src.Repository.OrganizatorDBRepository - exiting findOneByUsernameAndPassword with value: id_org: 1nume: Simaprenume: Bogdanusername: simaparola: da
2024-04-15 15:54:24,099 [1] INFO src.Repository.ProbaDBRepository - entering findAll
2024-04-15 15:54:24,101 [1] INFO src.Repository.ProbaDBRepository - exiting FindAll
2024-04-15 15:54:24,119 [1] INFO src.Repository.ConcursDBRepository - entering findByProba
2024-04-15 15:54:24,120 [1] INFO src.Repository.ConcursDBRepository - exiting findByProba
2024-04-15 15:54:24,121 [1] INFO src.Repository.ParticipantDBRepository - entering findAll
2024-04-15 15:54:24,122 [1] INFO src.Repository.ParticipantDBRepository - exiting FindAll
2024-04-15 15:54:24,127 [1] INFO src.Repository.ConcursDBRepository - entering FindByParticipant
2024-04-15 15:54:24,127 [1] INFO src.Repository.ConcursDBRepository - exiting FindByParticipant
2024-04-15 15:55:36,226 [1] INFO src.Repository.ParticipantDBRepository - creating ParticipantDbRepository 
2024-04-15 15:55:36,244 [1] INFO src.Repository.ProbaDBRepository - creating ProbaDBRepositroy
2024-04-15 15:55:36,245 [1] INFO src.Repository.ConcursDBRepository - creating ConcursDBRepository 
2024-04-15 15:55:36,246 [1] INFO src.Repository.OrganizatorDBRepository - creating OrganizatorDBRepository 
2024-04-15 15:55:41,676 [1] INFO src.Repository.OrganizatorDBRepository - entering findOneByUsernameAndPassword with values: username=sima
2024-04-15 15:55:41,797 [1] INFO src.Repository.OrganizatorDBRepository - exiting findOneByUsernameAndPassword with value: id_org: 1nume: Simaprenume: Bogdanusername: simaparola: da
2024-04-15 15:55:41,815 [1] INFO src.Repository.ProbaDBRepository - entering findAll
2024-04-15 15:55:41,816 [1] INFO src.Repository.ProbaDBRepository - exiting FindAll
2024-04-15 15:55:41,834 [1] INFO src.Repository.ConcursDBRepository - entering findByProba
2024-04-15 15:55:41,836 [1] INFO src.Repository.ConcursDBRepository - exiting findByProba
2024-04-15 15:55:41,836 [1] INFO src.Repository.ConcursDBRepository - entering findByProba
2024-04-15 15:55:41,837 [1] INFO src.Repository.ConcursDBRepository - exiting findByProba
2024-04-15 15:55:41,837 [1] INFO src.Repository.ConcursDBRepository - entering findByProba
2024-04-15 15:55:41,837 [1] INFO src.Repository.ConcursDBRepository - exiting findByProba
2024-04-15 15:55:41,839 [1] INFO src.Repository.ParticipantDBRepository - entering findAll
2024-04-15 15:55:41,839 [1] INFO src.Repository.ParticipantDBRepository - exiting FindAll
2024-04-15 15:55:41,846 [1] INFO src.Repository.ConcursDBRepository - entering FindByParticipant
2024-04-15 15:55:41,847 [1] INFO src.Repository.ConcursDBRepository - exiting FindByParticipant
2024-04-15 15:55:41,847 [1] INFO src.Repository.ConcursDBRepository - entering FindByParticipant
2024-04-15 15:55:41,847 [1] INFO src.Repository.ConcursDBRepository - exiting FindByParticipant
2024-04-15 15:55:41,848 [1] INFO src.Repository.ConcursDBRepository - entering FindByParticipant
2024-04-15 15:55:41,848 [1] INFO src.Repository.ConcursDBRepository - exiting FindByParticipant
2024-04-15 15:56:25,039 [1] INFO src.Repository.ProbaDBRepository - entering findByVarstaSiTip
2024-04-15 15:56:28,323 [1] INFO src.Repository.ParticipantDBRepository - entering findOneByNumeSiVarsta with values: nume=Sima, prenume=Bogdan, varsta=15
